<?xml version="1.0" encoding="UTF-8"?>
<testng-results skipped="0" failed="0" total="3" passed="3">
  <reporter-output>
  </reporter-output>
  <suite name="TestSuite" duration-ms="170507" started-at="2015-12-07T11:32:13Z" finished-at="2015-12-07T11:35:03Z">
    <groups>
    </groups>
    <test name="Test" duration-ms="170507" started-at="2015-12-07T11:32:13Z" finished-at="2015-12-07T11:35:03Z">
      <class name="Hiber.Discover">
        <test-method status="PASS" signature="beforeMethod()[pri:0, instance:Hiber.Discover@665d7a8d]" name="beforeMethod" is-config="true" duration-ms="16985" started-at="2015-12-07T11:32:13Z" finished-at="2015-12-07T11:32:30Z">
          <reporter-output>
          </reporter-output>
        </test-method> <!-- beforeMethod -->
        <test-method status="PASS" signature="discover()[pri:0, instance:Hiber.Discover@665d7a8d]" name="discover" duration-ms="66651" started-at="2015-12-07T11:32:30Z" finished-at="2015-12-07T11:33:37Z">
          <reporter-output>
          </reporter-output>
        </test-method> <!-- discover -->
        <test-method status="PASS" signature="afterMethod()[pri:0, instance:Hiber.Discover@665d7a8d]" name="afterMethod" is-config="true" duration-ms="1169" started-at="2015-12-07T11:33:37Z" finished-at="2015-12-07T11:33:38Z">
          <reporter-output>
          </reporter-output>
        </test-method> <!-- afterMethod -->
      </class> <!-- Hiber.Discover -->
      <class name="Hiber.Before">
        <test-method status="PASS" signature="BeforeSuite()[pri:0, instance:Hiber.Before@640eac4a]" name="BeforeSuite" is-config="true" duration-ms="7015" started-at="2015-12-07T11:32:06Z" finished-at="2015-12-07T11:32:13Z">
          <reporter-output>
          </reporter-output>
        </test-method> <!-- BeforeSuite -->
        <test-method status="PASS" signature="AfterSuite()[pri:0, instance:Hiber.Before@640eac4a]" name="AfterSuite" is-config="true" duration-ms="2" started-at="2015-12-07T11:35:04Z" finished-at="2015-12-07T11:35:04Z">
          <reporter-output>
          </reporter-output>
        </test-method> <!-- AfterSuite -->
      </class> <!-- Hiber.Before -->
      <class name="Hiber.Maheshapp">
        <test-method status="PASS" signature="beforeMethod()[pri:0, instance:Hiber.Maheshapp@706b7099]" name="beforeMethod" is-config="true" duration-ms="7045" started-at="2015-12-07T11:33:38Z" finished-at="2015-12-07T11:33:45Z">
          <reporter-output>
          </reporter-output>
        </test-method> <!-- beforeMethod -->
        <test-method status="PASS" signature="login()[pri:0, instance:Hiber.Maheshapp@706b7099]" name="login" duration-ms="36495" started-at="2015-12-07T11:33:45Z" finished-at="2015-12-07T11:34:21Z">
          <reporter-output>
          </reporter-output>
        </test-method> <!-- login -->
        <test-method status="PASS" signature="afterMethod()[pri:0, instance:Hiber.Maheshapp@706b7099]" name="afterMethod" is-config="true" duration-ms="1002" started-at="2015-12-07T11:34:21Z" finished-at="2015-12-07T11:34:22Z">
          <reporter-output>
          </reporter-output>
        </test-method> <!-- afterMethod -->
        <test-method status="PASS" signature="beforeMethod()[pri:0, instance:Hiber.Maheshapp@706b7099]" name="beforeMethod" is-config="true" duration-ms="6856" started-at="2015-12-07T11:34:22Z" finished-at="2015-12-07T11:34:29Z">
          <reporter-output>
          </reporter-output>
        </test-method> <!-- beforeMethod -->
        <test-method status="PASS" signature="ticket()[pri:0, instance:Hiber.Maheshapp@706b7099]" name="ticket" duration-ms="33332" started-at="2015-12-07T11:34:29Z" finished-at="2015-12-07T11:35:03Z">
          <reporter-output>
          </reporter-output>
        </test-method> <!-- ticket -->
        <test-method status="PASS" signature="afterMethod()[pri:0, instance:Hiber.Maheshapp@706b7099]" name="afterMethod" is-config="true" duration-ms="929" started-at="2015-12-07T11:35:03Z" finished-at="2015-12-07T11:35:03Z">
          <reporter-output>
          </reporter-output>
        </test-method> <!-- afterMethod -->
      </class> <!-- Hiber.Maheshapp -->
    </test> <!-- Test -->
  </suite> <!-- TestSuite -->
</testng-results>
