<?xml version="1.0" encoding="UTF-8"?>
<!-- Generated by org.testng.reporters.JUnitXMLReporter -->
<testsuite hostname="TestTriangle" name="Test" tests="2" failures="1" timestamp="4 Dec 2015 12:26:54 GMT" time="1.667" errors="0">
  <testcase name="@AfterMethod afterMethod" time="0.0" classname="Hiber.Maheshapp">
    <failure type="java.lang.NullPointerException">
      <![CDATA[java.lang.NullPointerException
	at Hiber.Maheshapp.afterMethod(Maheshapp.java:173)
... Removed 26 stack frames]]>
    </failure>
  </testcase> <!-- @AfterMethod afterMethod -->
  <testcase name="@BeforeMethod beforeMethod" time="0.0" classname="Hiber.Maheshapp">
    <skipped/>
  </testcase> <!-- @BeforeMethod beforeMethod -->
  <testcase name="@AfterMethod afterMethod" time="0.0" classname="Hiber.Maheshapp">
    <skipped/>
  </testcase> <!-- @AfterMethod afterMethod -->
  <testcase name="login" time="0.021" classname="Hiber.Maheshapp">
    <failure type="java.lang.NullPointerException">
      <![CDATA[java.lang.NullPointerException
	at Hiber.Maheshapp.login(Maheshapp.java:68)
... Removed 24 stack frames]]>
    </failure>
  </testcase> <!-- login -->
  <testcase name="ticket" time="0.001" classname="Hiber.Maheshapp">
    <skipped/>
  </testcase> <!-- ticket -->
</testsuite> <!-- Test -->
